2021-09-13 11:52:15,487 CRIT Supervisor is running as root.  Privileges were not dropped because no user is specified in the config file.  If you intend to run as root, you can set user=root in the config file to avoid this message.
2021-09-13 11:52:15,498 INFO supervisord started with pid 1
2021-09-13 11:52:16,502 INFO spawned: 'laravel-worker_00' with pid 7
2021-09-13 11:52:16,506 INFO spawned: 'laravel-worker_01' with pid 8
2021-09-13 11:52:16,514 INFO spawned: 'laravel-worker_02' with pid 9
2021-09-13 11:52:16,528 INFO spawned: 'laravel-worker_03' with pid 10
2021-09-13 11:52:16,540 INFO spawned: 'laravel-worker_04' with pid 11
2021-09-13 11:52:16,559 INFO spawned: 'laravel-worker_05' with pid 12
2021-09-13 11:52:16,591 INFO spawned: 'laravel-worker_06' with pid 13
2021-09-13 11:52:16,603 INFO spawned: 'laravel-worker_07' with pid 14
2021-09-13 11:52:16,636 INFO spawned: 'laravel-worker_08' with pid 15
2021-09-13 11:52:16,644 INFO spawned: 'laravel-worker_09' with pid 16
2021-09-13 11:52:16,774 INFO exited: laravel-worker_00 (exit status 255; not expected)
2021-09-13 11:52:16,774 INFO exited: laravel-worker_01 (exit status 255; not expected)
2021-09-13 11:52:16,775 INFO exited: laravel-worker_02 (exit status 255; not expected)
2021-09-13 11:52:16,775 INFO exited: laravel-worker_03 (exit status 255; not expected)
2021-09-13 11:52:16,776 INFO exited: laravel-worker_04 (exit status 255; not expected)
2021-09-13 11:52:16,787 INFO exited: laravel-worker_05 (exit status 255; not expected)
2021-09-13 11:52:16,793 INFO exited: laravel-worker_06 (exit status 255; not expected)
2021-09-13 11:52:16,803 INFO exited: laravel-worker_07 (exit status 255; not expected)
2021-09-13 11:52:16,807 INFO exited: laravel-worker_08 (exit status 255; not expected)
2021-09-13 11:52:17,811 INFO spawned: 'laravel-worker_00' with pid 17
2021-09-13 11:52:17,814 INFO spawned: 'laravel-worker_01' with pid 18
2021-09-13 11:52:17,825 INFO spawned: 'laravel-worker_02' with pid 19
2021-09-13 11:52:17,828 INFO spawned: 'laravel-worker_03' with pid 20
2021-09-13 11:52:17,838 INFO spawned: 'laravel-worker_04' with pid 21
2021-09-13 11:52:17,850 INFO spawned: 'laravel-worker_05' with pid 22
2021-09-13 11:52:17,859 INFO spawned: 'laravel-worker_06' with pid 23
2021-09-13 11:52:17,886 INFO spawned: 'laravel-worker_07' with pid 24
2021-09-13 11:52:17,895 INFO spawned: 'laravel-worker_08' with pid 25
2021-09-13 11:52:17,925 INFO success: laravel-worker_09 entered RUNNING state, process has stayed up for > than 1 seconds (startsecs)
2021-09-13 11:52:17,926 INFO exited: laravel-worker_09 (exit status 255; not expected)
2021-09-13 11:52:17,942 INFO spawned: 'laravel-worker_09' with pid 26
2021-09-13 11:52:17,984 INFO exited: laravel-worker_01 (exit status 255; not expected)
2021-09-13 11:52:17,993 INFO exited: laravel-worker_00 (exit status 255; not expected)
2021-09-13 11:52:18,015 INFO exited: laravel-worker_03 (exit status 255; not expected)
2021-09-13 11:52:18,021 INFO exited: laravel-worker_02 (exit status 255; not expected)
2021-09-13 11:52:18,030 INFO exited: laravel-worker_04 (exit status 255; not expected)
2021-09-13 11:52:18,040 INFO exited: laravel-worker_05 (exit status 255; not expected)
2021-09-13 11:52:18,054 INFO exited: laravel-worker_06 (exit status 255; not expected)
2021-09-13 11:52:18,064 INFO exited: laravel-worker_08 (exit status 255; not expected)
2021-09-13 11:52:18,066 INFO exited: laravel-worker_07 (exit status 255; not expected)
2021-09-13 11:52:19,068 INFO success: laravel-worker_09 entered RUNNING state, process has stayed up for > than 1 seconds (startsecs)
2021-09-13 11:52:19,068 INFO exited: laravel-worker_09 (exit status 255; not expected)
2021-09-13 11:52:20,071 INFO spawned: 'laravel-worker_00' with pid 27
2021-09-13 11:52:20,074 INFO spawned: 'laravel-worker_01' with pid 28
2021-09-13 11:52:20,089 INFO spawned: 'laravel-worker_02' with pid 29
2021-09-13 11:52:20,091 INFO spawned: 'laravel-worker_03' with pid 30
2021-09-13 11:52:20,105 INFO spawned: 'laravel-worker_04' with pid 31
2021-09-13 11:52:20,111 INFO spawned: 'laravel-worker_05' with pid 32
2021-09-13 11:52:20,122 INFO spawned: 'laravel-worker_06' with pid 33
2021-09-13 11:52:20,143 INFO spawned: 'laravel-worker_07' with pid 34
2021-09-13 11:52:20,163 INFO spawned: 'laravel-worker_08' with pid 35
2021-09-13 11:52:20,199 INFO spawned: 'laravel-worker_09' with pid 36
2021-09-13 11:52:20,245 INFO exited: laravel-worker_00 (exit status 255; not expected)
2021-09-13 11:52:20,268 INFO exited: laravel-worker_01 (exit status 255; not expected)
2021-09-13 11:52:20,269 INFO exited: laravel-worker_02 (exit status 255; not expected)
2021-09-13 11:52:20,288 INFO exited: laravel-worker_05 (exit status 255; not expected)
2021-09-13 11:52:20,305 INFO exited: laravel-worker_03 (exit status 255; not expected)
2021-09-13 11:52:20,306 INFO exited: laravel-worker_04 (exit status 255; not expected)
2021-09-13 11:52:20,315 INFO exited: laravel-worker_06 (exit status 255; not expected)
2021-09-13 11:52:20,319 INFO exited: laravel-worker_07 (exit status 255; not expected)
2021-09-13 11:52:20,325 INFO exited: laravel-worker_08 (exit status 255; not expected)
2021-09-13 11:52:21,328 INFO success: laravel-worker_09 entered RUNNING state, process has stayed up for > than 1 seconds (startsecs)
2021-09-13 11:52:21,329 INFO exited: laravel-worker_09 (exit status 255; not expected)
2021-09-13 11:52:22,332 INFO spawned: 'laravel-worker_09' with pid 37
2021-09-13 11:52:23,357 INFO spawned: 'laravel-worker_00' with pid 38
2021-09-13 11:52:23,361 INFO spawned: 'laravel-worker_01' with pid 39
2021-09-13 11:52:23,367 INFO spawned: 'laravel-worker_02' with pid 40
2021-09-13 11:52:23,383 INFO spawned: 'laravel-worker_03' with pid 41
2021-09-13 11:52:23,386 INFO spawned: 'laravel-worker_04' with pid 42
2021-09-13 11:52:23,410 INFO spawned: 'laravel-worker_05' with pid 43
2021-09-13 11:52:23,433 INFO spawned: 'laravel-worker_06' with pid 44
2021-09-13 11:52:23,446 INFO spawned: 'laravel-worker_07' with pid 45
2021-09-13 11:52:23,489 INFO spawned: 'laravel-worker_08' with pid 46
2021-09-13 11:52:23,493 INFO success: laravel-worker_09 entered RUNNING state, process has stayed up for > than 1 seconds (startsecs)
2021-09-13 11:52:23,494 INFO exited: laravel-worker_09 (exit status 255; not expected)
2021-09-13 11:52:23,521 INFO spawned: 'laravel-worker_09' with pid 47
2021-09-13 11:52:23,565 INFO exited: laravel-worker_00 (exit status 255; not expected)
2021-09-13 11:52:23,566 INFO exited: laravel-worker_01 (exit status 255; not expected)
2021-09-13 11:52:23,567 INFO gave up: laravel-worker_00 entered FATAL state, too many start retries too quickly
2021-09-13 11:52:23,567 INFO gave up: laravel-worker_01 entered FATAL state, too many start retries too quickly
2021-09-13 11:52:23,603 INFO exited: laravel-worker_02 (exit status 255; not expected)
2021-09-13 11:52:23,604 INFO exited: laravel-worker_03 (exit status 255; not expected)
2021-09-13 11:52:23,604 INFO exited: laravel-worker_04 (exit status 255; not expected)
2021-09-13 11:52:23,606 INFO gave up: laravel-worker_02 entered FATAL state, too many start retries too quickly
2021-09-13 11:52:23,607 INFO gave up: laravel-worker_03 entered FATAL state, too many start retries too quickly
2021-09-13 11:52:23,607 INFO gave up: laravel-worker_04 entered FATAL state, too many start retries too quickly
2021-09-13 11:52:23,626 INFO exited: laravel-worker_05 (exit status 255; not expected)
2021-09-13 11:52:23,627 INFO exited: laravel-worker_06 (exit status 255; not expected)
2021-09-13 11:52:23,633 INFO gave up: laravel-worker_05 entered FATAL state, too many start retries too quickly
2021-09-13 11:52:23,633 INFO gave up: laravel-worker_06 entered FATAL state, too many start retries too quickly
2021-09-13 11:52:23,642 INFO exited: laravel-worker_07 (exit status 255; not expected)
2021-09-13 11:52:23,643 INFO exited: laravel-worker_08 (exit status 255; not expected)
2021-09-13 11:52:23,643 INFO gave up: laravel-worker_07 entered FATAL state, too many start retries too quickly
2021-09-13 11:52:23,644 INFO gave up: laravel-worker_08 entered FATAL state, too many start retries too quickly
2021-09-13 11:52:24,645 INFO success: laravel-worker_09 entered RUNNING state, process has stayed up for > than 1 seconds (startsecs)
2021-09-13 11:52:24,646 INFO exited: laravel-worker_09 (exit status 255; not expected)
2021-09-13 11:52:25,649 INFO spawned: 'laravel-worker_09' with pid 48
2021-09-13 11:52:26,672 INFO success: laravel-worker_09 entered RUNNING state, process has stayed up for > than 1 seconds (startsecs)
2021-09-13 11:52:26,673 INFO exited: laravel-worker_09 (exit status 255; not expected)
2021-09-13 11:52:27,676 INFO spawned: 'laravel-worker_09' with pid 49
2021-09-13 11:52:28,699 INFO success: laravel-worker_09 entered RUNNING state, process has stayed up for > than 1 seconds (startsecs)
2021-09-13 11:52:28,700 INFO exited: laravel-worker_09 (exit status 255; not expected)
2021-09-13 11:52:29,704 INFO spawned: 'laravel-worker_09' with pid 50
2021-09-13 11:52:30,727 INFO success: laravel-worker_09 entered RUNNING state, process has stayed up for > than 1 seconds (startsecs)
2021-09-13 11:52:30,728 INFO exited: laravel-worker_09 (exit status 255; not expected)
2021-09-13 11:52:31,735 INFO spawned: 'laravel-worker_09' with pid 51
2021-09-13 11:52:32,759 INFO success: laravel-worker_09 entered RUNNING state, process has stayed up for > than 1 seconds (startsecs)
2021-09-13 11:52:32,760 INFO exited: laravel-worker_09 (exit status 255; not expected)
2021-09-13 11:52:33,764 INFO spawned: 'laravel-worker_09' with pid 52
2021-09-13 11:52:34,786 INFO success: laravel-worker_09 entered RUNNING state, process has stayed up for > than 1 seconds (startsecs)
2021-09-13 11:52:34,787 INFO exited: laravel-worker_09 (exit status 255; not expected)
2021-09-13 11:52:35,791 INFO spawned: 'laravel-worker_09' with pid 53
2021-09-13 11:52:36,815 INFO success: laravel-worker_09 entered RUNNING state, process has stayed up for > than 1 seconds (startsecs)
2021-09-13 11:52:36,816 INFO exited: laravel-worker_09 (exit status 255; not expected)
2021-09-13 11:52:37,821 INFO spawned: 'laravel-worker_09' with pid 54
2021-09-13 11:52:38,855 INFO success: laravel-worker_09 entered RUNNING state, process has stayed up for > than 1 seconds (startsecs)
2021-09-13 11:52:38,855 INFO exited: laravel-worker_09 (exit status 255; not expected)
2021-09-13 11:52:39,859 INFO spawned: 'laravel-worker_09' with pid 55
2021-09-13 11:52:40,885 INFO success: laravel-worker_09 entered RUNNING state, process has stayed up for > than 1 seconds (startsecs)
2021-09-13 11:52:40,886 INFO exited: laravel-worker_09 (exit status 255; not expected)
2021-09-13 11:52:41,890 INFO spawned: 'laravel-worker_09' with pid 56
2021-09-13 11:52:42,920 INFO success: laravel-worker_09 entered RUNNING state, process has stayed up for > than 1 seconds (startsecs)
2021-09-13 11:52:42,921 INFO exited: laravel-worker_09 (exit status 255; not expected)
2021-09-13 11:52:43,924 INFO spawned: 'laravel-worker_09' with pid 57
2021-09-13 11:52:44,956 INFO success: laravel-worker_09 entered RUNNING state, process has stayed up for > than 1 seconds (startsecs)
2021-09-13 11:52:44,956 INFO exited: laravel-worker_09 (exit status 255; not expected)
2021-09-13 11:52:45,959 INFO spawned: 'laravel-worker_09' with pid 58
2021-09-13 11:52:46,987 INFO success: laravel-worker_09 entered RUNNING state, process has stayed up for > than 1 seconds (startsecs)
2021-09-13 11:52:46,988 INFO exited: laravel-worker_09 (exit status 255; not expected)
2021-09-13 11:52:47,993 INFO spawned: 'laravel-worker_09' with pid 59
2021-09-13 11:52:49,024 INFO success: laravel-worker_09 entered RUNNING state, process has stayed up for > than 1 seconds (startsecs)
2021-09-13 11:52:49,024 INFO exited: laravel-worker_09 (exit status 255; not expected)
2021-09-13 11:52:50,028 INFO spawned: 'laravel-worker_09' with pid 60
2021-09-13 11:52:51,058 INFO success: laravel-worker_09 entered RUNNING state, process has stayed up for > than 1 seconds (startsecs)
2021-09-13 11:52:51,059 INFO exited: laravel-worker_09 (exit status 255; not expected)
2021-09-13 11:52:52,063 INFO spawned: 'laravel-worker_09' with pid 61
2021-09-13 11:52:53,093 INFO success: laravel-worker_09 entered RUNNING state, process has stayed up for > than 1 seconds (startsecs)
2021-09-13 11:52:53,094 INFO exited: laravel-worker_09 (exit status 255; not expected)
2021-09-13 11:52:54,097 INFO spawned: 'laravel-worker_09' with pid 62
2021-09-13 11:52:55,119 INFO success: laravel-worker_09 entered RUNNING state, process has stayed up for > than 1 seconds (startsecs)
2021-09-13 11:52:55,120 INFO exited: laravel-worker_09 (exit status 255; not expected)
2021-09-13 11:52:56,124 INFO spawned: 'laravel-worker_09' with pid 63
2021-09-13 11:52:57,147 INFO success: laravel-worker_09 entered RUNNING state, process has stayed up for > than 1 seconds (startsecs)
2021-09-13 11:52:57,148 INFO exited: laravel-worker_09 (exit status 255; not expected)
2021-09-13 11:52:58,151 INFO spawned: 'laravel-worker_09' with pid 64
2021-09-13 11:52:59,174 INFO success: laravel-worker_09 entered RUNNING state, process has stayed up for > than 1 seconds (startsecs)
2021-09-13 11:52:59,175 INFO exited: laravel-worker_09 (exit status 255; not expected)
2021-09-13 11:53:00,179 INFO spawned: 'laravel-worker_09' with pid 65
2021-09-13 11:53:01,200 INFO success: laravel-worker_09 entered RUNNING state, process has stayed up for > than 1 seconds (startsecs)
2021-09-13 11:53:01,201 INFO exited: laravel-worker_09 (exit status 255; not expected)
2021-09-13 11:53:02,205 INFO spawned: 'laravel-worker_09' with pid 66
2021-09-13 11:53:03,236 INFO success: laravel-worker_09 entered RUNNING state, process has stayed up for > than 1 seconds (startsecs)
2021-09-13 11:53:03,237 INFO exited: laravel-worker_09 (exit status 255; not expected)
2021-09-13 11:53:04,240 INFO spawned: 'laravel-worker_09' with pid 67
2021-09-13 11:53:05,265 INFO success: laravel-worker_09 entered RUNNING state, process has stayed up for > than 1 seconds (startsecs)
2021-09-13 11:53:05,265 INFO exited: laravel-worker_09 (exit status 255; not expected)
2021-09-13 11:53:06,268 INFO spawned: 'laravel-worker_09' with pid 68
2021-09-13 11:53:07,292 INFO success: laravel-worker_09 entered RUNNING state, process has stayed up for > than 1 seconds (startsecs)
2021-09-13 11:53:07,293 INFO exited: laravel-worker_09 (exit status 255; not expected)
2021-09-13 11:53:08,297 INFO spawned: 'laravel-worker_09' with pid 69
2021-09-13 11:53:09,323 INFO success: laravel-worker_09 entered RUNNING state, process has stayed up for > than 1 seconds (startsecs)
2021-09-13 11:53:09,323 INFO exited: laravel-worker_09 (exit status 255; not expected)
2021-09-13 11:53:10,326 INFO spawned: 'laravel-worker_09' with pid 70
2021-09-13 11:53:11,348 INFO success: laravel-worker_09 entered RUNNING state, process has stayed up for > than 1 seconds (startsecs)
2021-09-13 11:53:11,349 INFO exited: laravel-worker_09 (exit status 255; not expected)
2021-09-13 11:53:12,353 INFO spawned: 'laravel-worker_09' with pid 71
2021-09-13 11:53:13,382 INFO success: laravel-worker_09 entered RUNNING state, process has stayed up for > than 1 seconds (startsecs)
2021-09-13 11:53:13,383 INFO exited: laravel-worker_09 (exit status 255; not expected)
2021-09-13 11:53:14,386 INFO spawned: 'laravel-worker_09' with pid 72
2021-09-13 11:53:15,415 INFO success: laravel-worker_09 entered RUNNING state, process has stayed up for > than 1 seconds (startsecs)
2021-09-13 11:53:15,416 INFO exited: laravel-worker_09 (exit status 255; not expected)
2021-09-13 11:53:16,420 INFO spawned: 'laravel-worker_09' with pid 73
2021-09-13 11:53:17,449 INFO success: laravel-worker_09 entered RUNNING state, process has stayed up for > than 1 seconds (startsecs)
2021-09-13 11:53:17,450 INFO exited: laravel-worker_09 (exit status 255; not expected)
2021-09-13 11:53:18,453 INFO spawned: 'laravel-worker_09' with pid 74
2021-09-13 11:53:19,475 INFO success: laravel-worker_09 entered RUNNING state, process has stayed up for > than 1 seconds (startsecs)
2021-09-13 11:53:19,475 INFO exited: laravel-worker_09 (exit status 255; not expected)
2021-09-13 11:53:20,478 INFO spawned: 'laravel-worker_09' with pid 75
2021-09-13 11:53:21,500 INFO success: laravel-worker_09 entered RUNNING state, process has stayed up for > than 1 seconds (startsecs)
2021-09-13 11:53:21,501 INFO exited: laravel-worker_09 (exit status 255; not expected)
2021-09-13 11:53:22,505 INFO spawned: 'laravel-worker_09' with pid 76
2021-09-13 11:53:23,525 INFO success: laravel-worker_09 entered RUNNING state, process has stayed up for > than 1 seconds (startsecs)
2021-09-13 11:53:23,526 INFO exited: laravel-worker_09 (exit status 255; not expected)
2021-09-13 11:53:24,529 INFO spawned: 'laravel-worker_09' with pid 77
2021-09-13 11:53:25,550 INFO success: laravel-worker_09 entered RUNNING state, process has stayed up for > than 1 seconds (startsecs)
2021-09-13 11:53:25,551 INFO exited: laravel-worker_09 (exit status 255; not expected)
2021-09-13 11:53:26,554 INFO spawned: 'laravel-worker_09' with pid 78
2021-09-13 11:53:27,580 INFO success: laravel-worker_09 entered RUNNING state, process has stayed up for > than 1 seconds (startsecs)
2021-09-13 11:53:27,580 INFO exited: laravel-worker_09 (exit status 255; not expected)
2021-09-13 11:53:28,584 INFO spawned: 'laravel-worker_09' with pid 79
2021-09-13 11:53:29,606 INFO success: laravel-worker_09 entered RUNNING state, process has stayed up for > than 1 seconds (startsecs)
2021-09-13 11:53:29,607 INFO exited: laravel-worker_09 (exit status 255; not expected)
2021-09-13 11:53:30,611 INFO spawned: 'laravel-worker_09' with pid 80
2021-09-13 11:53:31,633 INFO success: laravel-worker_09 entered RUNNING state, process has stayed up for > than 1 seconds (startsecs)
2021-09-13 11:53:31,635 INFO exited: laravel-worker_09 (exit status 255; not expected)
2021-09-13 11:53:32,638 INFO spawned: 'laravel-worker_09' with pid 81
2021-09-13 11:53:33,660 INFO success: laravel-worker_09 entered RUNNING state, process has stayed up for > than 1 seconds (startsecs)
2021-09-13 11:53:33,661 INFO exited: laravel-worker_09 (exit status 255; not expected)
2021-09-13 11:53:34,665 INFO spawned: 'laravel-worker_09' with pid 82
2021-09-13 11:53:35,687 INFO success: laravel-worker_09 entered RUNNING state, process has stayed up for > than 1 seconds (startsecs)
2021-09-13 11:53:35,687 INFO exited: laravel-worker_09 (exit status 255; not expected)
2021-09-13 11:53:36,691 INFO spawned: 'laravel-worker_09' with pid 83
2021-09-13 11:53:37,724 INFO success: laravel-worker_09 entered RUNNING state, process has stayed up for > than 1 seconds (startsecs)
2021-09-13 11:53:37,725 INFO exited: laravel-worker_09 (exit status 255; not expected)
2021-09-13 11:53:38,728 INFO spawned: 'laravel-worker_09' with pid 84
2021-09-13 11:53:39,750 INFO success: laravel-worker_09 entered RUNNING state, process has stayed up for > than 1 seconds (startsecs)
2021-09-13 11:53:39,751 INFO exited: laravel-worker_09 (exit status 255; not expected)
2021-09-13 11:53:40,755 INFO spawned: 'laravel-worker_09' with pid 85
2021-09-13 11:53:41,782 INFO success: laravel-worker_09 entered RUNNING state, process has stayed up for > than 1 seconds (startsecs)
2021-09-13 11:53:41,806 INFO exited: laravel-worker_09 (exit status 255; not expected)
2021-09-13 11:53:42,810 INFO spawned: 'laravel-worker_09' with pid 86
2021-09-13 11:53:43,832 INFO success: laravel-worker_09 entered RUNNING state, process has stayed up for > than 1 seconds (startsecs)
2021-09-13 11:53:43,832 INFO exited: laravel-worker_09 (exit status 255; not expected)
2021-09-13 11:53:44,835 INFO spawned: 'laravel-worker_09' with pid 87
2021-09-13 11:53:45,859 INFO success: laravel-worker_09 entered RUNNING state, process has stayed up for > than 1 seconds (startsecs)
2021-09-13 11:53:45,859 INFO exited: laravel-worker_09 (exit status 255; not expected)
2021-09-13 11:53:46,862 INFO spawned: 'laravel-worker_09' with pid 88
2021-09-13 11:53:47,885 INFO success: laravel-worker_09 entered RUNNING state, process has stayed up for > than 1 seconds (startsecs)
2021-09-13 11:53:47,886 INFO exited: laravel-worker_09 (exit status 255; not expected)
2021-09-13 11:53:48,889 INFO spawned: 'laravel-worker_09' with pid 89
2021-09-13 11:53:49,922 INFO success: laravel-worker_09 entered RUNNING state, process has stayed up for > than 1 seconds (startsecs)
2021-09-13 11:53:49,922 INFO exited: laravel-worker_09 (exit status 255; not expected)
2021-09-13 11:53:50,926 INFO spawned: 'laravel-worker_09' with pid 90
2021-09-13 11:53:51,953 INFO success: laravel-worker_09 entered RUNNING state, process has stayed up for > than 1 seconds (startsecs)
2021-09-13 11:53:51,957 INFO exited: laravel-worker_09 (exit status 255; not expected)
2021-09-13 11:53:52,960 INFO spawned: 'laravel-worker_09' with pid 91
2021-09-13 11:53:53,982 INFO success: laravel-worker_09 entered RUNNING state, process has stayed up for > than 1 seconds (startsecs)
2021-09-13 11:53:53,982 INFO exited: laravel-worker_09 (exit status 255; not expected)
2021-09-13 11:53:54,985 INFO spawned: 'laravel-worker_09' with pid 92
2021-09-13 11:53:56,007 INFO success: laravel-worker_09 entered RUNNING state, process has stayed up for > than 1 seconds (startsecs)
2021-09-13 11:53:56,008 INFO exited: laravel-worker_09 (exit status 255; not expected)
2021-09-13 11:53:57,011 INFO spawned: 'laravel-worker_09' with pid 93
2021-09-13 11:53:58,034 INFO success: laravel-worker_09 entered RUNNING state, process has stayed up for > than 1 seconds (startsecs)
2021-09-13 11:53:58,034 INFO exited: laravel-worker_09 (exit status 255; not expected)
2021-09-13 11:53:59,038 INFO spawned: 'laravel-worker_09' with pid 94
2021-09-13 11:54:00,060 INFO success: laravel-worker_09 entered RUNNING state, process has stayed up for > than 1 seconds (startsecs)
2021-09-13 11:54:00,061 INFO exited: laravel-worker_09 (exit status 255; not expected)
2021-09-13 11:54:01,065 INFO spawned: 'laravel-worker_09' with pid 95
2021-09-13 11:54:02,088 INFO success: laravel-worker_09 entered RUNNING state, process has stayed up for > than 1 seconds (startsecs)
2021-09-13 11:54:02,090 INFO exited: laravel-worker_09 (exit status 255; not expected)
2021-09-13 11:54:03,094 INFO spawned: 'laravel-worker_09' with pid 96
2021-09-13 11:54:04,115 INFO success: laravel-worker_09 entered RUNNING state, process has stayed up for > than 1 seconds (startsecs)
2021-09-13 11:54:04,115 INFO exited: laravel-worker_09 (exit status 255; not expected)
2021-09-13 11:54:05,119 INFO spawned: 'laravel-worker_09' with pid 97
2021-09-13 11:54:06,141 INFO success: laravel-worker_09 entered RUNNING state, process has stayed up for > than 1 seconds (startsecs)
2021-09-13 11:54:06,142 INFO exited: laravel-worker_09 (exit status 255; not expected)
2021-09-13 11:54:07,146 INFO spawned: 'laravel-worker_09' with pid 98
2021-09-13 11:54:08,168 INFO success: laravel-worker_09 entered RUNNING state, process has stayed up for > than 1 seconds (startsecs)
2021-09-13 11:54:08,168 INFO exited: laravel-worker_09 (exit status 255; not expected)
2021-09-13 11:54:09,172 INFO spawned: 'laravel-worker_09' with pid 99
2021-09-13 11:54:10,202 INFO success: laravel-worker_09 entered RUNNING state, process has stayed up for > than 1 seconds (startsecs)
2021-09-13 11:54:10,203 INFO exited: laravel-worker_09 (exit status 255; not expected)
2021-09-13 11:54:11,207 INFO spawned: 'laravel-worker_09' with pid 100
2021-09-13 11:54:12,247 INFO success: laravel-worker_09 entered RUNNING state, process has stayed up for > than 1 seconds (startsecs)
2021-09-13 11:54:12,248 INFO exited: laravel-worker_09 (exit status 255; not expected)
2021-09-13 11:54:13,251 INFO spawned: 'laravel-worker_09' with pid 101
2021-09-13 11:54:14,273 INFO success: laravel-worker_09 entered RUNNING state, process has stayed up for > than 1 seconds (startsecs)
2021-09-13 11:54:14,273 INFO exited: laravel-worker_09 (exit status 255; not expected)
2021-09-13 11:54:15,276 INFO spawned: 'laravel-worker_09' with pid 102
2021-09-13 11:54:16,299 INFO success: laravel-worker_09 entered RUNNING state, process has stayed up for > than 1 seconds (startsecs)
2021-09-13 11:54:16,299 INFO exited: laravel-worker_09 (exit status 255; not expected)
2021-09-13 11:54:17,302 INFO spawned: 'laravel-worker_09' with pid 103
2021-09-13 11:54:17,303 WARN received SIGQUIT indicating exit request
2021-09-13 11:54:17,304 INFO waiting for laravel-worker_09 to die
2021-09-13 11:54:18,326 INFO stopped: laravel-worker_09 (exit status 255)
2021-09-13 11:54:34,236 CRIT Supervisor is running as root.  Privileges were not dropped because no user is specified in the config file.  If you intend to run as root, you can set user=root in the config file to avoid this message.
2021-09-13 11:54:34,240 INFO supervisord started with pid 1
2021-09-13 11:54:35,243 INFO spawned: 'laravel-worker_00' with pid 7
2021-09-13 11:54:35,247 INFO spawned: 'laravel-worker_01' with pid 8
2021-09-13 11:54:35,255 INFO spawned: 'laravel-worker_02' with pid 9
2021-09-13 11:54:35,266 INFO spawned: 'laravel-worker_03' with pid 10
2021-09-13 11:54:35,269 INFO spawned: 'laravel-worker_04' with pid 11
2021-09-13 11:54:35,297 INFO spawned: 'laravel-worker_05' with pid 12
2021-09-13 11:54:35,317 INFO spawned: 'laravel-worker_06' with pid 13
2021-09-13 11:54:35,321 INFO spawned: 'laravel-worker_07' with pid 14
2021-09-13 11:54:35,351 INFO spawned: 'laravel-worker_08' with pid 15
2021-09-13 11:54:35,382 INFO spawned: 'laravel-worker_09' with pid 16
2021-09-13 11:54:35,447 INFO exited: laravel-worker_00 (exit status 255; not expected)
2021-09-13 11:54:35,448 INFO exited: laravel-worker_01 (exit status 255; not expected)
2021-09-13 11:54:35,467 INFO exited: laravel-worker_02 (exit status 255; not expected)
2021-09-13 11:54:35,478 INFO exited: laravel-worker_03 (exit status 255; not expected)
2021-09-13 11:54:35,496 INFO exited: laravel-worker_04 (exit status 255; not expected)
2021-09-13 11:54:35,508 INFO exited: laravel-worker_05 (exit status 255; not expected)
2021-09-13 11:54:35,516 INFO exited: laravel-worker_06 (exit status 255; not expected)
2021-09-13 11:54:35,523 INFO exited: laravel-worker_07 (exit status 255; not expected)
2021-09-13 11:54:35,527 INFO exited: laravel-worker_08 (exit status 255; not expected)
2021-09-13 11:54:36,531 INFO spawned: 'laravel-worker_00' with pid 17
2021-09-13 11:54:36,536 INFO spawned: 'laravel-worker_01' with pid 18
2021-09-13 11:54:36,543 INFO spawned: 'laravel-worker_02' with pid 19
2021-09-13 11:54:36,554 INFO spawned: 'laravel-worker_03' with pid 20
2021-09-13 11:54:36,566 INFO spawned: 'laravel-worker_04' with pid 21
2021-09-13 11:54:36,579 INFO spawned: 'laravel-worker_05' with pid 22
2021-09-13 11:54:36,604 INFO spawned: 'laravel-worker_06' with pid 23
2021-09-13 11:54:36,639 INFO spawned: 'laravel-worker_07' with pid 24
2021-09-13 11:54:36,662 INFO spawned: 'laravel-worker_08' with pid 25
2021-09-13 11:54:36,681 INFO success: laravel-worker_09 entered RUNNING state, process has stayed up for > than 1 seconds (startsecs)
2021-09-13 11:54:36,689 INFO exited: laravel-worker_09 (exit status 255; not expected)
2021-09-13 11:54:36,710 INFO spawned: 'laravel-worker_09' with pid 26
2021-09-13 11:54:36,749 INFO exited: laravel-worker_00 (exit status 255; not expected)
2021-09-13 11:54:36,753 INFO exited: laravel-worker_02 (exit status 255; not expected)
2021-09-13 11:54:36,773 INFO exited: laravel-worker_01 (exit status 255; not expected)
2021-09-13 11:54:36,790 INFO exited: laravel-worker_03 (exit status 255; not expected)
2021-09-13 11:54:36,791 INFO exited: laravel-worker_04 (exit status 255; not expected)
2021-09-13 11:54:36,809 INFO exited: laravel-worker_05 (exit status 255; not expected)
2021-09-13 11:54:36,825 INFO exited: laravel-worker_06 (exit status 255; not expected)
2021-09-13 11:54:36,826 INFO exited: laravel-worker_07 (exit status 255; not expected)
2021-09-13 11:54:36,834 INFO exited: laravel-worker_08 (exit status 255; not expected)
2021-09-13 11:54:37,837 INFO success: laravel-worker_09 entered RUNNING state, process has stayed up for > than 1 seconds (startsecs)
2021-09-13 11:54:37,837 INFO exited: laravel-worker_09 (exit status 255; not expected)
2021-09-13 11:54:38,840 INFO spawned: 'laravel-worker_00' with pid 27
2021-09-13 11:54:38,843 INFO spawned: 'laravel-worker_01' with pid 28
2021-09-13 11:54:38,846 INFO spawned: 'laravel-worker_02' with pid 29
2021-09-13 11:54:38,862 INFO spawned: 'laravel-worker_03' with pid 30
2021-09-13 11:54:38,873 INFO spawned: 'laravel-worker_04' with pid 31
2021-09-13 11:54:38,883 INFO spawned: 'laravel-worker_05' with pid 32
2021-09-13 11:54:38,907 INFO spawned: 'laravel-worker_06' with pid 33
2021-09-13 11:54:38,914 INFO spawned: 'laravel-worker_07' with pid 34
2021-09-13 11:54:38,953 INFO spawned: 'laravel-worker_08' with pid 35
2021-09-13 11:54:38,959 INFO spawned: 'laravel-worker_09' with pid 36
2021-09-13 11:54:39,027 INFO exited: laravel-worker_01 (exit status 255; not expected)
2021-09-13 11:54:39,028 INFO exited: laravel-worker_02 (exit status 255; not expected)
2021-09-13 11:54:39,039 INFO exited: laravel-worker_00 (exit status 255; not expected)
2021-09-13 11:54:39,053 INFO exited: laravel-worker_03 (exit status 255; not expected)
2021-09-13 11:54:39,065 INFO exited: laravel-worker_04 (exit status 255; not expected)
2021-09-13 11:54:39,077 INFO exited: laravel-worker_05 (exit status 255; not expected)
2021-09-13 11:54:39,085 INFO exited: laravel-worker_06 (exit status 255; not expected)
2021-09-13 11:54:39,090 INFO exited: laravel-worker_07 (exit status 255; not expected)
2021-09-13 11:54:39,098 INFO exited: laravel-worker_08 (exit status 255; not expected)
2021-09-13 11:54:40,101 INFO success: laravel-worker_09 entered RUNNING state, process has stayed up for > than 1 seconds (startsecs)
2021-09-13 11:54:40,102 INFO exited: laravel-worker_09 (exit status 255; not expected)
2021-09-13 11:54:41,106 INFO spawned: 'laravel-worker_09' with pid 37
2021-09-13 11:54:42,135 INFO spawned: 'laravel-worker_00' with pid 38
2021-09-13 11:54:42,138 INFO spawned: 'laravel-worker_01' with pid 39
2021-09-13 11:54:42,142 INFO spawned: 'laravel-worker_02' with pid 40
2021-09-13 11:54:42,158 INFO spawned: 'laravel-worker_03' with pid 41
2021-09-13 11:54:42,170 INFO spawned: 'laravel-worker_04' with pid 42
2021-09-13 11:54:42,180 INFO spawned: 'laravel-worker_05' with pid 43
2021-09-13 11:54:42,204 INFO spawned: 'laravel-worker_06' with pid 44
2021-09-13 11:54:42,215 INFO spawned: 'laravel-worker_07' with pid 45
2021-09-13 11:54:42,236 INFO spawned: 'laravel-worker_08' with pid 46
2021-09-13 11:54:42,269 INFO success: laravel-worker_09 entered RUNNING state, process has stayed up for > than 1 seconds (startsecs)
2021-09-13 11:54:42,270 INFO exited: laravel-worker_09 (exit status 255; not expected)
2021-09-13 11:54:42,281 INFO spawned: 'laravel-worker_09' with pid 47
2021-09-13 11:54:42,300 INFO exited: laravel-worker_00 (exit status 255; not expected)
2021-09-13 11:54:42,305 INFO gave up: laravel-worker_00 entered FATAL state, too many start retries too quickly
2021-09-13 11:54:42,316 INFO exited: laravel-worker_01 (exit status 255; not expected)
2021-09-13 11:54:42,317 INFO gave up: laravel-worker_01 entered FATAL state, too many start retries too quickly
2021-09-13 11:54:42,338 INFO exited: laravel-worker_02 (exit status 255; not expected)
2021-09-13 11:54:42,339 INFO gave up: laravel-worker_02 entered FATAL state, too many start retries too quickly
2021-09-13 11:54:42,351 INFO exited: laravel-worker_03 (exit status 255; not expected)
2021-09-13 11:54:42,357 INFO gave up: laravel-worker_03 entered FATAL state, too many start retries too quickly
2021-09-13 11:54:42,365 INFO exited: laravel-worker_04 (exit status 255; not expected)
2021-09-13 11:54:42,366 INFO gave up: laravel-worker_04 entered FATAL state, too many start retries too quickly
2021-09-13 11:54:42,377 INFO exited: laravel-worker_05 (exit status 255; not expected)
2021-09-13 11:54:42,378 INFO gave up: laravel-worker_05 entered FATAL state, too many start retries too quickly
2021-09-13 11:54:42,392 INFO exited: laravel-worker_06 (exit status 255; not expected)
2021-09-13 11:54:42,392 INFO exited: laravel-worker_07 (exit status 255; not expected)
2021-09-13 11:54:42,393 INFO gave up: laravel-worker_06 entered FATAL state, too many start retries too quickly
2021-09-13 11:54:42,393 INFO gave up: laravel-worker_07 entered FATAL state, too many start retries too quickly
2021-09-13 11:54:42,401 INFO exited: laravel-worker_08 (exit status 255; not expected)
2021-09-13 11:54:42,402 INFO gave up: laravel-worker_08 entered FATAL state, too many start retries too quickly
2021-09-13 11:54:43,404 INFO success: laravel-worker_09 entered RUNNING state, process has stayed up for > than 1 seconds (startsecs)
2021-09-13 11:54:43,405 INFO exited: laravel-worker_09 (exit status 255; not expected)
2021-09-13 11:54:44,408 INFO spawned: 'laravel-worker_09' with pid 48
2021-09-13 11:54:45,430 INFO success: laravel-worker_09 entered RUNNING state, process has stayed up for > than 1 seconds (startsecs)
2021-09-13 11:54:45,431 INFO exited: laravel-worker_09 (exit status 255; not expected)
2021-09-13 11:54:46,435 INFO spawned: 'laravel-worker_09' with pid 49
2021-09-13 11:54:47,457 INFO success: laravel-worker_09 entered RUNNING state, process has stayed up for > than 1 seconds (startsecs)
2021-09-13 11:54:47,458 INFO exited: laravel-worker_09 (exit status 255; not expected)
2021-09-13 11:54:48,462 INFO spawned: 'laravel-worker_09' with pid 50
2021-09-13 11:54:49,490 INFO success: laravel-worker_09 entered RUNNING state, process has stayed up for > than 1 seconds (startsecs)
2021-09-13 11:54:49,491 INFO exited: laravel-worker_09 (exit status 255; not expected)
2021-09-13 11:54:50,495 INFO spawned: 'laravel-worker_09' with pid 51
2021-09-13 11:54:51,518 INFO success: laravel-worker_09 entered RUNNING state, process has stayed up for > than 1 seconds (startsecs)
2021-09-13 11:54:51,519 INFO exited: laravel-worker_09 (exit status 255; not expected)
2021-09-13 11:54:52,523 INFO spawned: 'laravel-worker_09' with pid 52
2021-09-13 11:54:53,544 INFO success: laravel-worker_09 entered RUNNING state, process has stayed up for > than 1 seconds (startsecs)
2021-09-13 11:54:53,545 INFO exited: laravel-worker_09 (exit status 255; not expected)
2021-09-13 11:54:54,549 INFO spawned: 'laravel-worker_09' with pid 53
2021-09-13 11:54:55,571 INFO success: laravel-worker_09 entered RUNNING state, process has stayed up for > than 1 seconds (startsecs)
2021-09-13 11:54:55,572 INFO exited: laravel-worker_09 (exit status 255; not expected)
2021-09-13 11:54:56,575 INFO spawned: 'laravel-worker_09' with pid 54
2021-09-13 11:54:57,605 INFO success: laravel-worker_09 entered RUNNING state, process has stayed up for > than 1 seconds (startsecs)
2021-09-13 11:54:57,606 INFO exited: laravel-worker_09 (exit status 255; not expected)
2021-09-13 11:54:58,610 INFO spawned: 'laravel-worker_09' with pid 55
2021-09-13 11:54:59,639 INFO success: laravel-worker_09 entered RUNNING state, process has stayed up for > than 1 seconds (startsecs)
2021-09-13 11:54:59,640 INFO exited: laravel-worker_09 (exit status 255; not expected)
2021-09-13 11:55:00,643 INFO spawned: 'laravel-worker_09' with pid 56
2021-09-13 11:55:01,667 INFO success: laravel-worker_09 entered RUNNING state, process has stayed up for > than 1 seconds (startsecs)
2021-09-13 11:55:01,667 INFO exited: laravel-worker_09 (exit status 255; not expected)
2021-09-13 11:55:02,670 INFO spawned: 'laravel-worker_09' with pid 57
2021-09-13 11:55:03,692 INFO success: laravel-worker_09 entered RUNNING state, process has stayed up for > than 1 seconds (startsecs)
2021-09-13 11:55:03,692 INFO exited: laravel-worker_09 (exit status 255; not expected)
2021-09-13 11:55:04,696 INFO spawned: 'laravel-worker_09' with pid 58
2021-09-13 11:55:05,722 INFO success: laravel-worker_09 entered RUNNING state, process has stayed up for > than 1 seconds (startsecs)
2021-09-13 11:55:05,722 INFO exited: laravel-worker_09 (exit status 255; not expected)
2021-09-13 11:55:06,726 INFO spawned: 'laravel-worker_09' with pid 59
2021-09-13 11:55:07,749 INFO success: laravel-worker_09 entered RUNNING state, process has stayed up for > than 1 seconds (startsecs)
2021-09-13 11:55:07,750 INFO exited: laravel-worker_09 (exit status 255; not expected)
2021-09-13 11:55:08,754 INFO spawned: 'laravel-worker_09' with pid 60
2021-09-13 11:55:09,776 INFO success: laravel-worker_09 entered RUNNING state, process has stayed up for > than 1 seconds (startsecs)
2021-09-13 11:55:09,776 INFO exited: laravel-worker_09 (exit status 255; not expected)
2021-09-13 11:55:10,780 INFO spawned: 'laravel-worker_09' with pid 61
2021-09-13 11:55:11,809 INFO success: laravel-worker_09 entered RUNNING state, process has stayed up for > than 1 seconds (startsecs)
2021-09-13 11:55:11,810 INFO exited: laravel-worker_09 (exit status 255; not expected)
2021-09-13 11:55:12,814 INFO spawned: 'laravel-worker_09' with pid 62
2021-09-13 11:55:13,838 INFO success: laravel-worker_09 entered RUNNING state, process has stayed up for > than 1 seconds (startsecs)
2021-09-13 11:55:13,839 INFO exited: laravel-worker_09 (exit status 255; not expected)
2021-09-13 11:55:14,842 INFO spawned: 'laravel-worker_09' with pid 63
2021-09-13 11:55:15,865 INFO success: laravel-worker_09 entered RUNNING state, process has stayed up for > than 1 seconds (startsecs)
2021-09-13 11:55:15,866 INFO exited: laravel-worker_09 (exit status 255; not expected)
2021-09-13 11:55:16,869 INFO spawned: 'laravel-worker_09' with pid 64
2021-09-13 11:55:17,894 INFO success: laravel-worker_09 entered RUNNING state, process has stayed up for > than 1 seconds (startsecs)
2021-09-13 11:55:17,895 INFO exited: laravel-worker_09 (exit status 255; not expected)
2021-09-13 11:55:18,899 INFO spawned: 'laravel-worker_09' with pid 65
2021-09-13 11:55:18,900 WARN received SIGQUIT indicating exit request
2021-09-13 11:55:18,901 INFO waiting for laravel-worker_09 to die
2021-09-13 11:55:19,930 INFO stopped: laravel-worker_09 (exit status 255)
2021-09-13 11:56:15,347 CRIT Supervisor is running as root.  Privileges were not dropped because no user is specified in the config file.  If you intend to run as root, you can set user=root in the config file to avoid this message.
2021-09-13 11:56:15,351 INFO supervisord started with pid 1
2021-09-13 11:56:16,355 INFO spawned: 'laravel-worker_00' with pid 7
2021-09-13 11:56:16,358 INFO spawned: 'laravel-worker_01' with pid 8
2021-09-13 11:56:16,363 INFO spawned: 'laravel-worker_02' with pid 9
2021-09-13 11:56:16,373 INFO spawned: 'laravel-worker_03' with pid 10
2021-09-13 11:56:16,382 INFO spawned: 'laravel-worker_04' with pid 11
2021-09-13 11:56:16,398 INFO spawned: 'laravel-worker_05' with pid 12
2021-09-13 11:56:16,411 INFO spawned: 'laravel-worker_06' with pid 13
2021-09-13 11:56:16,439 INFO spawned: 'laravel-worker_07' with pid 14
2021-09-13 11:56:16,451 INFO spawned: 'laravel-worker_08' with pid 15
2021-09-13 11:56:16,479 INFO spawned: 'laravel-worker_09' with pid 16
2021-09-13 11:56:16,530 INFO exited: laravel-worker_00 (exit status 255; not expected)
2021-09-13 11:56:16,561 INFO exited: laravel-worker_01 (exit status 255; not expected)
2021-09-13 11:56:16,577 INFO exited: laravel-worker_02 (exit status 255; not expected)
2021-09-13 11:56:16,578 INFO exited: laravel-worker_03 (exit status 255; not expected)
2021-09-13 11:56:16,588 INFO exited: laravel-worker_04 (exit status 255; not expected)
2021-09-13 11:56:16,594 INFO exited: laravel-worker_05 (exit status 255; not expected)
2021-09-13 11:56:16,611 INFO exited: laravel-worker_06 (exit status 255; not expected)
2021-09-13 11:56:16,617 INFO exited: laravel-worker_07 (exit status 255; not expected)
2021-09-13 11:56:16,617 INFO exited: laravel-worker_08 (exit status 255; not expected)
2021-09-13 11:56:17,621 INFO spawned: 'laravel-worker_00' with pid 17
2021-09-13 11:56:17,624 INFO spawned: 'laravel-worker_01' with pid 18
2021-09-13 11:56:17,627 INFO spawned: 'laravel-worker_02' with pid 19
2021-09-13 11:56:17,639 INFO spawned: 'laravel-worker_03' with pid 20
2021-09-13 11:56:17,646 INFO spawned: 'laravel-worker_04' with pid 21
2021-09-13 11:56:17,654 INFO spawned: 'laravel-worker_05' with pid 22
2021-09-13 11:56:17,667 INFO spawned: 'laravel-worker_06' with pid 23
2021-09-13 11:56:17,686 INFO spawned: 'laravel-worker_07' with pid 24
2021-09-13 11:56:17,695 INFO spawned: 'laravel-worker_08' with pid 25
2021-09-13 11:56:17,714 INFO success: laravel-worker_09 entered RUNNING state, process has stayed up for > than 1 seconds (startsecs)
2021-09-13 11:56:17,721 INFO exited: laravel-worker_09 (exit status 255; not expected)
2021-09-13 11:56:17,769 INFO spawned: 'laravel-worker_09' with pid 26
2021-09-13 11:56:17,792 INFO exited: laravel-worker_01 (exit status 255; not expected)
2021-09-13 11:56:17,811 INFO exited: laravel-worker_00 (exit status 255; not expected)
2021-09-13 11:56:17,817 INFO exited: laravel-worker_02 (exit status 255; not expected)
2021-09-13 11:56:17,822 INFO exited: laravel-worker_03 (exit status 255; not expected)
2021-09-13 11:56:17,830 INFO exited: laravel-worker_04 (exit status 255; not expected)
2021-09-13 11:56:17,853 INFO exited: laravel-worker_05 (exit status 255; not expected)
2021-09-13 11:56:17,857 INFO exited: laravel-worker_06 (exit status 255; not expected)
2021-09-13 11:56:17,874 INFO exited: laravel-worker_07 (exit status 255; not expected)
2021-09-13 11:56:17,875 INFO exited: laravel-worker_08 (exit status 255; not expected)
2021-09-13 11:56:18,878 INFO success: laravel-worker_09 entered RUNNING state, process has stayed up for > than 1 seconds (startsecs)
2021-09-13 11:56:18,879 INFO exited: laravel-worker_09 (exit status 255; not expected)
2021-09-13 11:56:19,883 INFO spawned: 'laravel-worker_00' with pid 27
2021-09-13 11:56:19,886 INFO spawned: 'laravel-worker_01' with pid 28
2021-09-13 11:56:19,890 INFO spawned: 'laravel-worker_02' with pid 29
2021-09-13 11:56:19,903 INFO spawned: 'laravel-worker_03' with pid 30
2021-09-13 11:56:19,917 INFO spawned: 'laravel-worker_04' with pid 31
2021-09-13 11:56:19,934 INFO spawned: 'laravel-worker_05' with pid 32
2021-09-13 11:56:19,946 INFO spawned: 'laravel-worker_06' with pid 33
2021-09-13 11:56:19,963 INFO spawned: 'laravel-worker_07' with pid 34
2021-09-13 11:56:19,983 INFO spawned: 'laravel-worker_08' with pid 35
2021-09-13 11:56:20,007 INFO spawned: 'laravel-worker_09' with pid 36
2021-09-13 11:56:20,060 INFO exited: laravel-worker_00 (exit status 255; not expected)
2021-09-13 11:56:20,069 INFO exited: laravel-worker_01 (exit status 255; not expected)
2021-09-13 11:56:20,094 INFO exited: laravel-worker_02 (exit status 255; not expected)
2021-09-13 11:56:20,102 INFO exited: laravel-worker_03 (exit status 255; not expected)
2021-09-13 11:56:20,114 INFO exited: laravel-worker_04 (exit status 255; not expected)
2021-09-13 11:56:20,127 INFO exited: laravel-worker_05 (exit status 255; not expected)
2021-09-13 11:56:20,139 INFO exited: laravel-worker_06 (exit status 255; not expected)
2021-09-13 11:56:20,143 INFO exited: laravel-worker_07 (exit status 255; not expected)
2021-09-13 11:56:21,145 INFO success: laravel-worker_08 entered RUNNING state, process has stayed up for > than 1 seconds (startsecs)
2021-09-13 11:56:21,146 INFO success: laravel-worker_09 entered RUNNING state, process has stayed up for > than 1 seconds (startsecs)
2021-09-13 11:56:21,147 INFO exited: laravel-worker_08 (exit status 255; not expected)
2021-09-13 11:56:21,147 INFO exited: laravel-worker_09 (exit status 255; not expected)
2021-09-13 11:56:22,151 INFO spawned: 'laravel-worker_08' with pid 37
2021-09-13 11:56:22,154 INFO spawned: 'laravel-worker_09' with pid 38
2021-09-13 11:56:23,197 INFO spawned: 'laravel-worker_00' with pid 39
2021-09-13 11:56:23,200 INFO spawned: 'laravel-worker_01' with pid 40
2021-09-13 11:56:23,204 INFO spawned: 'laravel-worker_02' with pid 41
2021-09-13 11:56:23,215 INFO spawned: 'laravel-worker_03' with pid 42
2021-09-13 11:56:23,223 INFO spawned: 'laravel-worker_04' with pid 43
2021-09-13 11:56:23,249 INFO spawned: 'laravel-worker_05' with pid 44
2021-09-13 11:56:23,278 INFO spawned: 'laravel-worker_06' with pid 45
2021-09-13 11:56:23,291 INFO spawned: 'laravel-worker_07' with pid 46
2021-09-13 11:56:23,293 INFO success: laravel-worker_08 entered RUNNING state, process has stayed up for > than 1 seconds (startsecs)
2021-09-13 11:56:23,302 INFO success: laravel-worker_09 entered RUNNING state, process has stayed up for > than 1 seconds (startsecs)
2021-09-13 11:56:23,305 INFO exited: laravel-worker_08 (exit status 255; not expected)
2021-09-13 11:56:23,309 INFO exited: laravel-worker_09 (exit status 255; not expected)
2021-09-13 11:56:23,318 INFO spawned: 'laravel-worker_08' with pid 47
2021-09-13 11:56:23,330 INFO spawned: 'laravel-worker_09' with pid 48
2021-09-13 11:56:23,361 INFO exited: laravel-worker_01 (exit status 255; not expected)
2021-09-13 11:56:23,362 INFO gave up: laravel-worker_01 entered FATAL state, too many start retries too quickly
2021-09-13 11:56:23,381 INFO exited: laravel-worker_00 (exit status 255; not expected)
2021-09-13 11:56:23,382 INFO exited: laravel-worker_02 (exit status 255; not expected)
2021-09-13 11:56:23,383 INFO gave up: laravel-worker_00 entered FATAL state, too many start retries too quickly
2021-09-13 11:56:23,383 INFO gave up: laravel-worker_02 entered FATAL state, too many start retries too quickly
2021-09-13 11:56:23,402 INFO exited: laravel-worker_03 (exit status 255; not expected)
2021-09-13 11:56:23,403 INFO gave up: laravel-worker_03 entered FATAL state, too many start retries too quickly
2021-09-13 11:56:23,416 INFO exited: laravel-worker_04 (exit status 255; not expected)
2021-09-13 11:56:23,421 INFO gave up: laravel-worker_04 entered FATAL state, too many start retries too quickly
2021-09-13 11:56:23,429 INFO exited: laravel-worker_05 (exit status 255; not expected)
2021-09-13 11:56:23,439 INFO gave up: laravel-worker_05 entered FATAL state, too many start retries too quickly
2021-09-13 11:56:23,451 INFO exited: laravel-worker_06 (exit status 255; not expected)
2021-09-13 11:56:23,452 INFO exited: laravel-worker_07 (exit status 255; not expected)
2021-09-13 11:56:23,453 INFO gave up: laravel-worker_06 entered FATAL state, too many start retries too quickly
2021-09-13 11:56:23,453 INFO gave up: laravel-worker_07 entered FATAL state, too many start retries too quickly
2021-09-13 11:56:23,456 INFO exited: laravel-worker_08 (exit status 255; not expected)
2021-09-13 11:56:24,460 INFO spawned: 'laravel-worker_08' with pid 49
2021-09-13 11:56:24,461 INFO success: laravel-worker_09 entered RUNNING state, process has stayed up for > than 1 seconds (startsecs)
2021-09-13 11:56:24,461 INFO exited: laravel-worker_09 (exit status 255; not expected)
2021-09-13 11:56:24,482 INFO spawned: 'laravel-worker_09' with pid 50
2021-09-13 11:56:24,506 INFO exited: laravel-worker_08 (exit status 255; not expected)
2021-09-13 11:56:25,509 INFO success: laravel-worker_09 entered RUNNING state, process has stayed up for > than 1 seconds (startsecs)
2021-09-13 11:56:25,509 INFO exited: laravel-worker_09 (exit status 255; not expected)
2021-09-13 11:56:26,512 INFO spawned: 'laravel-worker_08' with pid 51
2021-09-13 11:56:26,516 INFO spawned: 'laravel-worker_09' with pid 52
2021-09-13 11:56:27,567 INFO success: laravel-worker_08 entered RUNNING state, process has stayed up for > than 1 seconds (startsecs)
2021-09-13 11:56:27,568 INFO success: laravel-worker_09 entered RUNNING state, process has stayed up for > than 1 seconds (startsecs)
2021-09-13 11:56:27,569 INFO exited: laravel-worker_08 (exit status 255; not expected)
2021-09-13 11:56:27,569 INFO exited: laravel-worker_09 (exit status 255; not expected)
2021-09-13 11:56:28,573 INFO spawned: 'laravel-worker_08' with pid 53
2021-09-13 11:56:28,585 INFO spawned: 'laravel-worker_09' with pid 54
2021-09-13 11:56:29,623 INFO success: laravel-worker_08 entered RUNNING state, process has stayed up for > than 1 seconds (startsecs)
2021-09-13 11:56:29,624 INFO success: laravel-worker_09 entered RUNNING state, process has stayed up for > than 1 seconds (startsecs)
2021-09-13 11:56:29,625 INFO exited: laravel-worker_08 (exit status 255; not expected)
2021-09-13 11:56:29,625 INFO exited: laravel-worker_09 (exit status 255; not expected)
2021-09-13 11:56:30,629 INFO spawned: 'laravel-worker_08' with pid 55
2021-09-13 11:56:30,632 INFO spawned: 'laravel-worker_09' with pid 56
2021-09-13 11:56:30,672 INFO exited: laravel-worker_08 (exit status 255; not expected)
2021-09-13 11:56:31,676 INFO spawned: 'laravel-worker_08' with pid 57
2021-09-13 11:56:31,677 INFO success: laravel-worker_09 entered RUNNING state, process has stayed up for > than 1 seconds (startsecs)
2021-09-13 11:56:31,677 INFO exited: laravel-worker_09 (exit status 255; not expected)
2021-09-13 11:56:31,699 INFO spawned: 'laravel-worker_09' with pid 58
2021-09-13 11:56:31,721 INFO exited: laravel-worker_08 (exit status 255; not expected)
2021-09-13 11:56:32,724 INFO success: laravel-worker_09 entered RUNNING state, process has stayed up for > than 1 seconds (startsecs)
2021-09-13 11:56:32,731 INFO exited: laravel-worker_09 (exit status 255; not expected)
2021-09-13 11:56:33,735 INFO spawned: 'laravel-worker_08' with pid 59
2021-09-13 11:56:33,746 INFO spawned: 'laravel-worker_09' with pid 60
2021-09-13 11:56:33,783 INFO exited: laravel-worker_08 (exit status 255; not expected)
2021-09-13 11:56:34,785 INFO success: laravel-worker_09 entered RUNNING state, process has stayed up for > than 1 seconds (startsecs)
2021-09-13 11:56:34,785 INFO exited: laravel-worker_09 (exit status 255; not expected)
2021-09-13 11:56:35,788 INFO spawned: 'laravel-worker_09' with pid 61
2021-09-13 11:56:36,813 INFO spawned: 'laravel-worker_08' with pid 62
2021-09-13 11:56:36,814 INFO success: laravel-worker_09 entered RUNNING state, process has stayed up for > than 1 seconds (startsecs)
2021-09-13 11:56:36,814 INFO exited: laravel-worker_09 (exit status 255; not expected)
2021-09-13 11:56:36,846 INFO spawned: 'laravel-worker_09' with pid 63
2021-09-13 11:56:36,878 INFO exited: laravel-worker_08 (exit status 255; not expected)
2021-09-13 11:56:36,880 INFO gave up: laravel-worker_08 entered FATAL state, too many start retries too quickly
2021-09-13 11:56:37,882 INFO success: laravel-worker_09 entered RUNNING state, process has stayed up for > than 1 seconds (startsecs)
2021-09-13 11:56:37,884 INFO exited: laravel-worker_09 (exit status 255; not expected)
2021-09-13 11:56:38,888 INFO spawned: 'laravel-worker_09' with pid 64
2021-09-13 11:56:39,910 INFO success: laravel-worker_09 entered RUNNING state, process has stayed up for > than 1 seconds (startsecs)
2021-09-13 11:56:39,911 INFO exited: laravel-worker_09 (exit status 255; not expected)
2021-09-13 11:56:40,914 INFO spawned: 'laravel-worker_09' with pid 65
2021-09-13 11:56:41,937 INFO success: laravel-worker_09 entered RUNNING state, process has stayed up for > than 1 seconds (startsecs)
2021-09-13 11:56:41,938 INFO exited: laravel-worker_09 (exit status 255; not expected)
2021-09-13 11:56:42,941 INFO spawned: 'laravel-worker_09' with pid 66
2021-09-13 11:56:43,964 INFO success: laravel-worker_09 entered RUNNING state, process has stayed up for > than 1 seconds (startsecs)
2021-09-13 11:56:43,964 INFO exited: laravel-worker_09 (exit status 255; not expected)
2021-09-13 11:56:44,967 INFO spawned: 'laravel-worker_09' with pid 67
2021-09-13 11:56:45,990 INFO success: laravel-worker_09 entered RUNNING state, process has stayed up for > than 1 seconds (startsecs)
2021-09-13 11:56:45,990 INFO exited: laravel-worker_09 (exit status 255; not expected)
2021-09-13 11:56:46,993 INFO spawned: 'laravel-worker_09' with pid 68
2021-09-13 11:56:48,021 INFO success: laravel-worker_09 entered RUNNING state, process has stayed up for > than 1 seconds (startsecs)
2021-09-13 11:56:48,023 INFO exited: laravel-worker_09 (exit status 255; not expected)
2021-09-13 11:56:49,027 INFO spawned: 'laravel-worker_09' with pid 69
2021-09-13 11:56:50,057 INFO success: laravel-worker_09 entered RUNNING state, process has stayed up for > than 1 seconds (startsecs)
2021-09-13 11:56:50,057 INFO exited: laravel-worker_09 (exit status 255; not expected)
2021-09-13 11:56:51,060 INFO spawned: 'laravel-worker_09' with pid 70
2021-09-13 11:56:52,081 INFO success: laravel-worker_09 entered RUNNING state, process has stayed up for > than 1 seconds (startsecs)
2021-09-13 11:56:52,082 INFO exited: laravel-worker_09 (exit status 255; not expected)
2021-09-13 11:56:53,085 INFO spawned: 'laravel-worker_09' with pid 71
2021-09-13 11:56:54,131 INFO success: laravel-worker_09 entered RUNNING state, process has stayed up for > than 1 seconds (startsecs)
2021-09-13 11:56:54,132 INFO exited: laravel-worker_09 (exit status 255; not expected)
2021-09-13 11:56:55,135 INFO spawned: 'laravel-worker_09' with pid 72
2021-09-13 11:56:56,137 INFO success: laravel-worker_09 entered RUNNING state, process has stayed up for > than 1 seconds (startsecs)
2021-09-22 14:09:24,766 WARN received SIGQUIT indicating exit request
2021-09-22 14:09:24,776 INFO waiting for laravel-worker_09 to die
2021-09-22 14:09:24,778 INFO stopped: laravel-worker_09 (terminated by SIGTERM)
2021-09-22 14:10:26,449 CRIT Supervisor is running as root.  Privileges were not dropped because no user is specified in the config file.  If you intend to run as root, you can set user=root in the config file to avoid this message.
2021-09-22 14:10:26,456 INFO supervisord started with pid 1
2021-09-22 14:10:27,461 INFO spawned: 'laravel-worker_00' with pid 7
2021-09-22 14:10:27,466 INFO spawned: 'laravel-worker_01' with pid 8
2021-09-22 14:10:27,478 INFO spawned: 'laravel-worker_02' with pid 9
2021-09-22 14:10:27,483 INFO spawned: 'laravel-worker_03' with pid 10
2021-09-22 14:10:27,494 INFO spawned: 'laravel-worker_04' with pid 11
2021-09-22 14:10:27,513 INFO spawned: 'laravel-worker_05' with pid 12
2021-09-22 14:10:27,532 INFO spawned: 'laravel-worker_06' with pid 13
2021-09-22 14:10:27,563 INFO spawned: 'laravel-worker_07' with pid 14
2021-09-22 14:10:27,579 INFO spawned: 'laravel-worker_08' with pid 15
2021-09-22 14:10:27,595 INFO spawned: 'laravel-worker_09' with pid 16
2021-09-22 14:10:28,608 INFO success: laravel-worker_00 entered RUNNING state, process has stayed up for > than 1 seconds (startsecs)
2021-09-22 14:10:28,609 INFO success: laravel-worker_01 entered RUNNING state, process has stayed up for > than 1 seconds (startsecs)
2021-09-22 14:10:28,610 INFO success: laravel-worker_02 entered RUNNING state, process has stayed up for > than 1 seconds (startsecs)
2021-09-22 14:10:28,610 INFO success: laravel-worker_03 entered RUNNING state, process has stayed up for > than 1 seconds (startsecs)
2021-09-22 14:10:28,611 INFO success: laravel-worker_04 entered RUNNING state, process has stayed up for > than 1 seconds (startsecs)
2021-09-22 14:10:28,611 INFO success: laravel-worker_05 entered RUNNING state, process has stayed up for > than 1 seconds (startsecs)
2021-09-22 14:10:28,612 INFO success: laravel-worker_06 entered RUNNING state, process has stayed up for > than 1 seconds (startsecs)
2021-09-22 14:10:28,612 INFO success: laravel-worker_07 entered RUNNING state, process has stayed up for > than 1 seconds (startsecs)
2021-09-22 14:10:28,612 INFO success: laravel-worker_08 entered RUNNING state, process has stayed up for > than 1 seconds (startsecs)
2021-09-22 14:10:28,613 INFO success: laravel-worker_09 entered RUNNING state, process has stayed up for > than 1 seconds (startsecs)
2021-09-22 14:12:29,711 WARN received SIGQUIT indicating exit request
2021-09-22 14:12:29,744 INFO waiting for laravel-worker_00, laravel-worker_01, laravel-worker_02, laravel-worker_03, laravel-worker_04, laravel-worker_05, laravel-worker_06, laravel-worker_07, laravel-worker_08, laravel-worker_09 to die
2021-09-22 14:12:29,745 INFO stopped: laravel-worker_00 (terminated by SIGTERM)
2021-09-22 14:12:29,746 INFO stopped: laravel-worker_01 (terminated by SIGTERM)
2021-09-22 14:12:29,746 INFO stopped: laravel-worker_02 (terminated by SIGTERM)
2021-09-22 14:12:29,747 INFO stopped: laravel-worker_03 (terminated by SIGTERM)
2021-09-22 14:12:29,747 INFO stopped: laravel-worker_04 (terminated by SIGTERM)
2021-09-22 14:12:29,747 INFO stopped: laravel-worker_05 (terminated by SIGTERM)
2021-09-22 14:12:29,748 INFO stopped: laravel-worker_06 (terminated by SIGTERM)
2021-09-22 14:12:29,748 INFO stopped: laravel-worker_07 (terminated by SIGTERM)
2021-09-22 14:12:29,749 INFO stopped: laravel-worker_08 (terminated by SIGTERM)
2021-09-22 14:12:29,749 INFO stopped: laravel-worker_09 (terminated by SIGTERM)
2021-09-22 14:13:11,850 CRIT Supervisor is running as root.  Privileges were not dropped because no user is specified in the config file.  If you intend to run as root, you can set user=root in the config file to avoid this message.
2021-09-22 14:13:11,855 INFO supervisord started with pid 1
2021-09-22 14:13:12,860 INFO spawned: 'laravel-worker_00' with pid 7
2021-09-22 14:13:12,863 INFO spawned: 'laravel-worker_01' with pid 8
2021-09-22 14:13:12,873 INFO spawned: 'laravel-worker_02' with pid 9
2021-09-22 14:13:12,879 INFO spawned: 'laravel-worker_03' with pid 10
2021-09-22 14:13:12,894 INFO spawned: 'laravel-worker_04' with pid 11
2021-09-22 14:13:12,910 INFO spawned: 'laravel-worker_05' with pid 12
2021-09-22 14:13:12,919 INFO spawned: 'laravel-worker_06' with pid 13
2021-09-22 14:13:12,955 INFO spawned: 'laravel-worker_07' with pid 14
2021-09-22 14:13:12,966 INFO spawned: 'laravel-worker_08' with pid 15
2021-09-22 14:13:12,987 INFO spawned: 'laravel-worker_09' with pid 16
2021-09-22 14:13:14,018 INFO success: laravel-worker_00 entered RUNNING state, process has stayed up for > than 1 seconds (startsecs)
2021-09-22 14:13:14,020 INFO success: laravel-worker_01 entered RUNNING state, process has stayed up for > than 1 seconds (startsecs)
2021-09-22 14:13:14,021 INFO success: laravel-worker_02 entered RUNNING state, process has stayed up for > than 1 seconds (startsecs)
2021-09-22 14:13:14,021 INFO success: laravel-worker_03 entered RUNNING state, process has stayed up for > than 1 seconds (startsecs)
2021-09-22 14:13:14,022 INFO success: laravel-worker_04 entered RUNNING state, process has stayed up for > than 1 seconds (startsecs)
2021-09-22 14:13:14,023 INFO success: laravel-worker_05 entered RUNNING state, process has stayed up for > than 1 seconds (startsecs)
2021-09-22 14:13:14,023 INFO success: laravel-worker_06 entered RUNNING state, process has stayed up for > than 1 seconds (startsecs)
2021-09-22 14:13:14,024 INFO success: laravel-worker_07 entered RUNNING state, process has stayed up for > than 1 seconds (startsecs)
2021-09-22 14:13:14,024 INFO success: laravel-worker_08 entered RUNNING state, process has stayed up for > than 1 seconds (startsecs)
2021-09-22 14:13:14,025 INFO success: laravel-worker_09 entered RUNNING state, process has stayed up for > than 1 seconds (startsecs)
2021-09-22 14:23:08,618 WARN received SIGQUIT indicating exit request
2021-09-22 14:23:08,661 INFO waiting for laravel-worker_00, laravel-worker_01, laravel-worker_02, laravel-worker_03, laravel-worker_04, laravel-worker_05, laravel-worker_06, laravel-worker_07, laravel-worker_08, laravel-worker_09 to die
2021-09-22 14:23:08,664 INFO stopped: laravel-worker_00 (terminated by SIGTERM)
2021-09-22 14:23:08,664 INFO stopped: laravel-worker_01 (terminated by SIGTERM)
2021-09-22 14:23:08,664 INFO stopped: laravel-worker_02 (terminated by SIGTERM)
2021-09-22 14:23:08,665 INFO stopped: laravel-worker_03 (terminated by SIGTERM)
2021-09-22 14:23:08,665 INFO stopped: laravel-worker_04 (terminated by SIGTERM)
2021-09-22 14:23:08,667 INFO stopped: laravel-worker_05 (terminated by SIGTERM)
2021-09-22 14:23:08,667 INFO stopped: laravel-worker_06 (terminated by SIGTERM)
2021-09-22 14:23:08,667 INFO stopped: laravel-worker_07 (terminated by SIGTERM)
2021-09-22 14:23:08,668 INFO stopped: laravel-worker_08 (terminated by SIGTERM)
2021-09-22 14:23:08,669 INFO stopped: laravel-worker_09 (terminated by SIGTERM)
2021-09-22 14:24:20,002 CRIT Supervisor is running as root.  Privileges were not dropped because no user is specified in the config file.  If you intend to run as root, you can set user=root in the config file to avoid this message.
2021-09-22 14:24:20,008 INFO supervisord started with pid 1
2021-09-22 14:24:21,014 INFO spawned: 'laravel-worker_00' with pid 6
2021-09-22 14:24:21,016 INFO spawned: 'laravel-worker_01' with pid 7
2021-09-22 14:24:21,026 INFO spawned: 'laravel-worker_02' with pid 8
2021-09-22 14:24:21,037 INFO spawned: 'laravel-worker_03' with pid 9
2021-09-22 14:24:21,043 INFO spawned: 'laravel-worker_04' with pid 10
2021-09-22 14:24:21,061 INFO spawned: 'laravel-worker_05' with pid 11
2021-09-22 14:24:21,076 INFO spawned: 'laravel-worker_06' with pid 12
2021-09-22 14:24:21,103 INFO spawned: 'laravel-worker_07' with pid 13
2021-09-22 14:24:21,135 INFO spawned: 'laravel-worker_08' with pid 14
2021-09-22 14:24:21,181 INFO spawned: 'laravel-worker_09' with pid 15
2021-09-22 14:24:22,191 INFO success: laravel-worker_00 entered RUNNING state, process has stayed up for > than 1 seconds (startsecs)
2021-09-22 14:24:22,191 INFO success: laravel-worker_01 entered RUNNING state, process has stayed up for > than 1 seconds (startsecs)
2021-09-22 14:24:22,192 INFO success: laravel-worker_02 entered RUNNING state, process has stayed up for > than 1 seconds (startsecs)
2021-09-22 14:24:22,192 INFO success: laravel-worker_03 entered RUNNING state, process has stayed up for > than 1 seconds (startsecs)
2021-09-22 14:24:22,193 INFO success: laravel-worker_04 entered RUNNING state, process has stayed up for > than 1 seconds (startsecs)
2021-09-22 14:24:22,193 INFO success: laravel-worker_05 entered RUNNING state, process has stayed up for > than 1 seconds (startsecs)
2021-09-22 14:24:22,193 INFO success: laravel-worker_06 entered RUNNING state, process has stayed up for > than 1 seconds (startsecs)
2021-09-22 14:24:22,194 INFO success: laravel-worker_07 entered RUNNING state, process has stayed up for > than 1 seconds (startsecs)
2021-09-22 14:24:22,194 INFO success: laravel-worker_08 entered RUNNING state, process has stayed up for > than 1 seconds (startsecs)
2021-09-22 14:24:22,195 INFO success: laravel-worker_09 entered RUNNING state, process has stayed up for > than 1 seconds (startsecs)
2021-09-22 14:27:47,404 WARN received SIGQUIT indicating exit request
2021-09-22 14:27:47,434 INFO waiting for laravel-worker_00, laravel-worker_01, laravel-worker_02, laravel-worker_03, laravel-worker_04, laravel-worker_05, laravel-worker_06, laravel-worker_07, laravel-worker_08, laravel-worker_09 to die
2021-09-22 14:27:47,435 INFO stopped: laravel-worker_00 (terminated by SIGTERM)
2021-09-22 14:27:47,436 INFO stopped: laravel-worker_01 (terminated by SIGTERM)
2021-09-22 14:27:47,436 INFO stopped: laravel-worker_02 (terminated by SIGTERM)
2021-09-22 14:27:47,436 INFO stopped: laravel-worker_03 (terminated by SIGTERM)
2021-09-22 14:27:47,437 INFO stopped: laravel-worker_04 (terminated by SIGTERM)
2021-09-22 14:27:47,437 INFO stopped: laravel-worker_05 (terminated by SIGTERM)
2021-09-22 14:27:47,437 INFO stopped: laravel-worker_06 (terminated by SIGTERM)
2021-09-22 14:27:47,438 INFO stopped: laravel-worker_07 (terminated by SIGTERM)
2021-09-22 14:27:47,438 INFO stopped: laravel-worker_08 (terminated by SIGTERM)
2021-09-22 14:27:47,438 INFO stopped: laravel-worker_09 (terminated by SIGTERM)
2021-09-22 14:28:53,735 CRIT Supervisor is running as root.  Privileges were not dropped because no user is specified in the config file.  If you intend to run as root, you can set user=root in the config file to avoid this message.
2021-09-22 14:28:53,744 INFO supervisord started with pid 1
2021-09-22 14:28:54,752 INFO spawned: 'laravel-worker_00' with pid 7
2021-09-22 14:28:54,754 INFO spawned: 'laravel-worker_01' with pid 8
2021-09-22 14:28:54,757 INFO spawned: 'laravel-worker_02' with pid 9
2021-09-22 14:28:54,781 INFO spawned: 'laravel-worker_03' with pid 10
2021-09-22 14:28:54,784 INFO spawned: 'laravel-worker_04' with pid 11
2021-09-22 14:28:54,802 INFO spawned: 'laravel-worker_05' with pid 12
2021-09-22 14:28:54,825 INFO spawned: 'laravel-worker_06' with pid 13
2021-09-22 14:28:54,831 INFO spawned: 'laravel-worker_07' with pid 14
2021-09-22 14:28:54,851 INFO spawned: 'laravel-worker_08' with pid 15
2021-09-22 14:28:54,875 INFO spawned: 'laravel-worker_09' with pid 16
2021-09-22 14:28:55,909 INFO success: laravel-worker_00 entered RUNNING state, process has stayed up for > than 1 seconds (startsecs)
2021-09-22 14:28:55,910 INFO success: laravel-worker_01 entered RUNNING state, process has stayed up for > than 1 seconds (startsecs)
2021-09-22 14:28:55,910 INFO success: laravel-worker_02 entered RUNNING state, process has stayed up for > than 1 seconds (startsecs)
2021-09-22 14:28:55,911 INFO success: laravel-worker_03 entered RUNNING state, process has stayed up for > than 1 seconds (startsecs)
2021-09-22 14:28:55,911 INFO success: laravel-worker_04 entered RUNNING state, process has stayed up for > than 1 seconds (startsecs)
2021-09-22 14:28:55,912 INFO success: laravel-worker_05 entered RUNNING state, process has stayed up for > than 1 seconds (startsecs)
2021-09-22 14:28:55,912 INFO success: laravel-worker_06 entered RUNNING state, process has stayed up for > than 1 seconds (startsecs)
2021-09-22 14:28:55,912 INFO success: laravel-worker_07 entered RUNNING state, process has stayed up for > than 1 seconds (startsecs)
2021-09-22 14:28:55,913 INFO success: laravel-worker_08 entered RUNNING state, process has stayed up for > than 1 seconds (startsecs)
2021-09-22 14:28:55,913 INFO success: laravel-worker_09 entered RUNNING state, process has stayed up for > than 1 seconds (startsecs)
2021-09-22 14:30:37,040 WARN received SIGQUIT indicating exit request
2021-09-22 14:30:37,065 INFO waiting for laravel-worker_00, laravel-worker_01, laravel-worker_02, laravel-worker_03, laravel-worker_04, laravel-worker_05, laravel-worker_06, laravel-worker_07, laravel-worker_08, laravel-worker_09 to die
2021-09-22 14:30:37,066 INFO stopped: laravel-worker_00 (terminated by SIGTERM)
2021-09-22 14:30:37,066 INFO stopped: laravel-worker_01 (terminated by SIGTERM)
2021-09-22 14:30:37,067 INFO stopped: laravel-worker_02 (terminated by SIGTERM)
2021-09-22 14:30:37,067 INFO stopped: laravel-worker_03 (terminated by SIGTERM)
2021-09-22 14:30:37,067 INFO stopped: laravel-worker_04 (terminated by SIGTERM)
2021-09-22 14:30:37,068 INFO stopped: laravel-worker_05 (terminated by SIGTERM)
2021-09-22 14:30:37,068 INFO stopped: laravel-worker_06 (terminated by SIGTERM)
2021-09-22 14:30:37,068 INFO stopped: laravel-worker_07 (terminated by SIGTERM)
2021-09-22 14:30:37,068 INFO stopped: laravel-worker_08 (terminated by SIGTERM)
2021-09-22 14:30:37,069 INFO stopped: laravel-worker_09 (terminated by SIGTERM)
2021-09-22 14:31:27,563 CRIT Supervisor is running as root.  Privileges were not dropped because no user is specified in the config file.  If you intend to run as root, you can set user=root in the config file to avoid this message.
2021-09-22 14:31:27,568 INFO supervisord started with pid 1
2021-09-22 14:31:28,573 INFO spawned: 'laravel-worker_00' with pid 7
2021-09-22 14:31:28,577 INFO spawned: 'laravel-worker_01' with pid 8
2021-09-22 14:31:28,583 INFO spawned: 'laravel-worker_02' with pid 9
2021-09-22 14:31:28,598 INFO spawned: 'laravel-worker_03' with pid 10
2021-09-22 14:31:28,600 INFO spawned: 'laravel-worker_04' with pid 11
2021-09-22 14:31:28,620 INFO spawned: 'laravel-worker_05' with pid 12
2021-09-22 14:31:28,639 INFO spawned: 'laravel-worker_06' with pid 13
2021-09-22 14:31:28,648 INFO spawned: 'laravel-worker_07' with pid 14
2021-09-22 14:31:28,680 INFO spawned: 'laravel-worker_08' with pid 15
2021-09-22 14:31:28,711 INFO spawned: 'laravel-worker_09' with pid 16
2021-09-22 14:31:29,729 INFO success: laravel-worker_00 entered RUNNING state, process has stayed up for > than 1 seconds (startsecs)
2021-09-22 14:31:29,730 INFO success: laravel-worker_01 entered RUNNING state, process has stayed up for > than 1 seconds (startsecs)
2021-09-22 14:31:29,730 INFO success: laravel-worker_02 entered RUNNING state, process has stayed up for > than 1 seconds (startsecs)
2021-09-22 14:31:29,731 INFO success: laravel-worker_03 entered RUNNING state, process has stayed up for > than 1 seconds (startsecs)
2021-09-22 14:31:29,731 INFO success: laravel-worker_04 entered RUNNING state, process has stayed up for > than 1 seconds (startsecs)
2021-09-22 14:31:29,731 INFO success: laravel-worker_05 entered RUNNING state, process has stayed up for > than 1 seconds (startsecs)
2021-09-22 14:31:29,732 INFO success: laravel-worker_06 entered RUNNING state, process has stayed up for > than 1 seconds (startsecs)
2021-09-22 14:31:29,732 INFO success: laravel-worker_07 entered RUNNING state, process has stayed up for > than 1 seconds (startsecs)
2021-09-22 14:31:29,733 INFO success: laravel-worker_08 entered RUNNING state, process has stayed up for > than 1 seconds (startsecs)
2021-09-22 14:31:29,733 INFO success: laravel-worker_09 entered RUNNING state, process has stayed up for > than 1 seconds (startsecs)
2021-09-22 14:39:08,234 WARN received SIGQUIT indicating exit request
2021-09-22 14:39:08,267 INFO waiting for laravel-worker_00, laravel-worker_01, laravel-worker_02, laravel-worker_03, laravel-worker_04, laravel-worker_05, laravel-worker_06, laravel-worker_07, laravel-worker_08, laravel-worker_09 to die
2021-09-22 14:39:08,268 INFO stopped: laravel-worker_00 (terminated by SIGTERM)
2021-09-22 14:39:08,269 INFO stopped: laravel-worker_01 (terminated by SIGTERM)
2021-09-22 14:39:08,269 INFO stopped: laravel-worker_02 (terminated by SIGTERM)
2021-09-22 14:39:08,270 INFO stopped: laravel-worker_03 (terminated by SIGTERM)
2021-09-22 14:39:08,270 INFO stopped: laravel-worker_04 (terminated by SIGTERM)
2021-09-22 14:39:08,270 INFO stopped: laravel-worker_05 (terminated by SIGTERM)
2021-09-22 14:39:08,271 INFO stopped: laravel-worker_06 (terminated by SIGTERM)
2021-09-22 14:39:08,271 INFO stopped: laravel-worker_07 (terminated by SIGTERM)
2021-09-22 14:39:08,272 INFO stopped: laravel-worker_08 (terminated by SIGTERM)
2021-09-22 14:39:08,272 INFO stopped: laravel-worker_09 (terminated by SIGTERM)
2021-09-22 14:40:28,313 CRIT Supervisor is running as root.  Privileges were not dropped because no user is specified in the config file.  If you intend to run as root, you can set user=root in the config file to avoid this message.
2021-09-22 14:40:28,322 INFO supervisord started with pid 1
2021-09-22 14:40:29,326 INFO spawned: 'laravel-worker_00' with pid 7
2021-09-22 14:40:29,329 INFO spawned: 'laravel-worker_01' with pid 8
2021-09-22 14:40:29,335 INFO spawned: 'laravel-worker_02' with pid 9
2021-09-22 14:40:29,347 INFO spawned: 'laravel-worker_03' with pid 10
2021-09-22 14:40:29,359 INFO spawned: 'laravel-worker_04' with pid 11
2021-09-22 14:40:29,371 INFO spawned: 'laravel-worker_05' with pid 12
2021-09-22 14:40:29,395 INFO spawned: 'laravel-worker_06' with pid 13
2021-09-22 14:40:29,402 INFO spawned: 'laravel-worker_07' with pid 14
2021-09-22 14:40:29,434 INFO spawned: 'laravel-worker_08' with pid 15
2021-09-22 14:40:29,485 INFO spawned: 'laravel-worker_09' with pid 16
2021-09-22 14:40:30,487 INFO success: laravel-worker_00 entered RUNNING state, process has stayed up for > than 1 seconds (startsecs)
2021-09-22 14:40:30,488 INFO success: laravel-worker_01 entered RUNNING state, process has stayed up for > than 1 seconds (startsecs)
2021-09-22 14:40:30,489 INFO success: laravel-worker_02 entered RUNNING state, process has stayed up for > than 1 seconds (startsecs)
2021-09-22 14:40:30,489 INFO success: laravel-worker_03 entered RUNNING state, process has stayed up for > than 1 seconds (startsecs)
2021-09-22 14:40:30,490 INFO success: laravel-worker_04 entered RUNNING state, process has stayed up for > than 1 seconds (startsecs)
2021-09-22 14:40:30,490 INFO success: laravel-worker_05 entered RUNNING state, process has stayed up for > than 1 seconds (startsecs)
2021-09-22 14:40:30,490 INFO success: laravel-worker_06 entered RUNNING state, process has stayed up for > than 1 seconds (startsecs)
2021-09-22 14:40:30,491 INFO success: laravel-worker_07 entered RUNNING state, process has stayed up for > than 1 seconds (startsecs)
2021-09-22 14:40:30,491 INFO success: laravel-worker_08 entered RUNNING state, process has stayed up for > than 1 seconds (startsecs)
2021-09-22 14:40:30,492 INFO success: laravel-worker_09 entered RUNNING state, process has stayed up for > than 1 seconds (startsecs)
